<?xml version="1.0" encoding="UTF-8"?>
<!-- Generated by org.testng.reporters.JUnitReportReporter -->
<testsuite skipped="0" hostname="P3B-6KKFNK2" name="demoWebDriverMethods.BrowserNavigationMethodsDemo" tests="1" failures="0" timestamp="2019-12-11T14:58:15 IST" time="22.751" errors="0">
  <testcase name="f" time="22.751" classname="demoWebDriverMethods.BrowserNavigationMethodsDemo"/>
</testsuite> <!-- demoWebDriverMethods.BrowserNavigationMethodsDemo -->
