<?xml version="1.0" encoding="UTF-8"?>
<!-- Generated by org.testng.reporters.JUnitReportReporter -->
<testsuite skipped="0" hostname="P3B-6KKFNK2" name="DemoExcel.DemoReadExcel" tests="1" failures="0" timestamp="2019-12-12T15:44:50 IST" time="0.774" errors="0">
  <testcase name="f" time="0.774" classname="DemoExcel.DemoReadExcel"/>
</testsuite> <!-- DemoExcel.DemoReadExcel -->
