<?xml version="1.0" encoding="UTF-8"?>
<!-- Generated by org.testng.reporters.JUnitReportReporter -->
<testsuite skipped="1" hostname="P3B-6KKFNK2" name="testngfeatures.MercuryApplication" tests="7" failures="0" timestamp="2019-12-10T16:36:38 IST" time="0.018" errors="0">
  <testcase name="openbrowser" time="0.002" classname="testngfeatures.MercuryApplication"/>
  <testcase name="openurl" time="0.010" classname="testngfeatures.MercuryApplication"/>
  <testcase name="Login" time="0.001" classname="testngfeatures.MercuryApplication"/>
  <testcase name="bookFlight" time="0.003" classname="testngfeatures.MercuryApplication"/>
  <testcase name="closebrowser" time="0.001" classname="testngfeatures.MercuryApplication"/>
  <testcase name="logout" time="0.001" classname="testngfeatures.MercuryApplication"/>
  <testcase name="searchFlight" classname="testngfeatures.MercuryApplication">
    <skipped/>
  </testcase> <!-- searchFlight -->
</testsuite> <!-- testngfeatures.MercuryApplication -->
