<?xml version="1.0" encoding="UTF-8"?>
<!-- Generated by org.testng.reporters.JUnitReportReporter -->
<testsuite skipped="0" hostname="P3B-6KKFNK2" name="DemoAction.TestMeShopping" tests="1" failures="0" timestamp="2019-12-12T14:23:28 IST" time="19.172" errors="0">
  <testcase name="f" time="19.172" classname="DemoAction.TestMeShopping"/>
</testsuite> <!-- DemoAction.TestMeShopping -->
