<?xml version="1.0" encoding="UTF-8"?>
<!-- Generated by org.testng.reporters.JUnitReportReporter -->
<testsuite skipped="0" hostname="P3B-6KKFNK2" name="demoWebDriverMethods.HerokuAppLogin" tests="1" failures="0" timestamp="2019-12-12T17:08:40 IST" time="13.110" errors="0">
  <testcase name="f" time="13.110" classname="demoWebDriverMethods.HerokuAppLogin"/>
</testsuite> <!-- demoWebDriverMethods.HerokuAppLogin -->
