<?xml version="1.0" encoding="UTF-8"?>
<!-- Generated by org.testng.reporters.JUnitReportReporter -->
<testsuite skipped="0" hostname="P3B-6KKFNK2" name="demoWebDriverMethods.WikipediaDemo" tests="1" failures="0" timestamp="2019-12-11T14:43:43 IST" time="12.796" errors="0">
  <testcase name="f" time="12.796" classname="demoWebDriverMethods.WikipediaDemo"/>
</testsuite> <!-- demoWebDriverMethods.WikipediaDemo -->
