<?xml version="1.0" encoding="UTF-8"?>
<!-- Generated by org.testng.reporters.JUnitReportReporter -->
<testsuite skipped="0" hostname="P3B-6KKFNK2" name="demoWebDriverMethods.VerifyRegisisterDemo" tests="1" failures="0" timestamp="2019-12-11T13:07:20 IST" time="126.829" errors="0">
  <testcase name="f" time="126.829" classname="demoWebDriverMethods.VerifyRegisisterDemo"/>
</testsuite> <!-- demoWebDriverMethods.VerifyRegisisterDemo -->
