<?xml version="1.0" encoding="UTF-8"?>
<!-- Generated by org.testng.reporters.JUnitReportReporter -->
<testsuite skipped="0" hostname="P3B-6KKFNK2" name="demoWebDriverMethods.AlertDemo" tests="1" failures="0" timestamp="2019-12-11T17:07:25 IST" time="28.174" errors="0">
  <testcase name="f" time="28.174" classname="demoWebDriverMethods.AlertDemo"/>
</testsuite> <!-- demoWebDriverMethods.AlertDemo -->
