<?xml version="1.0" encoding="UTF-8"?>
<!-- Generated by org.testng.reporters.JUnitReportReporter -->
<testsuite skipped="0" hostname="P3B-6KKFNK2" name="DemoExcel.NewTest" tests="1" failures="0" timestamp="2019-12-12T15:04:16 IST" time="2.693" errors="0">
  <testcase name="f" time="2.693" classname="DemoExcel.NewTest"/>
</testsuite> <!-- DemoExcel.NewTest -->
