<?xml version="1.0" encoding="UTF-8"?>
<!-- Generated by org.testng.reporters.JUnitReportReporter -->
<testsuite skipped="0" hostname="P3B-6KKFNK2" name="DemoExcel.ExcelDataproviderDemo" tests="3" failures="0" timestamp="2019-12-12T16:24:40 IST" time="16.605" errors="0">
  <testcase name="f" time="3.742" classname="DemoExcel.ExcelDataproviderDemo"/>
  <testcase name="f" time="8.768" classname="DemoExcel.ExcelDataproviderDemo"/>
  <testcase name="f" time="4.095" classname="DemoExcel.ExcelDataproviderDemo"/>
</testsuite> <!-- DemoExcel.ExcelDataproviderDemo -->
