<?xml version="1.0" encoding="UTF-8"?>
<!-- Generated by org.testng.reporters.JUnitReportReporter -->
<testsuite skipped="0" hostname="P3B-6KKFNK2" name="testngfeatures.LoginMercury" tests="1" failures="0" timestamp="2019-12-10T16:36:38 IST" time="10.914" errors="0">
  <testcase name="f" time="10.914" classname="testngfeatures.LoginMercury"/>
</testsuite> <!-- testngfeatures.LoginMercury -->
