<?xml version="1.0" encoding="UTF-8"?>
<!-- Generated by org.testng.reporters.JUnitReportReporter -->
<testsuite skipped="0" hostname="P3B-6KKFNK2" name="testngfeatures.DemoDataprovider" tests="2" failures="0" timestamp="2019-12-10T16:36:38 IST" time="0.002" errors="0">
  <testcase name="login" time="0.001" classname="testngfeatures.DemoDataprovider"/>
  <testcase name="login" time="0.001" classname="testngfeatures.DemoDataprovider"/>
</testsuite> <!-- testngfeatures.DemoDataprovider -->
